<?xml version="1.0" encoding="UTF-8"?>
<!-- Generated by org.testng.reporters.JUnitXMLReporter -->
<testsuite hostname="NB-090" name="SimpleTest" tests="5" failures="0" timestamp="8 Apr 2016 19:27:38 GMT" time="0.025" errors="0">
  <testcase name="testAdd" time="0.002" classname="main.java.SimpleTest"/>
  <testcase name="testDivideByZero" time="0.0" classname="main.java.SimpleTest"/>
  <testcase name="testEquals" time="0.0" classname="main.java.SimpleTest"/>
  <testcase name="testMinus" time="0.0" classname="main.java.SimpleTest"/>
  <testcase name="testMultiply" time="0.0" classname="main.java.SimpleTest"/>
</testsuite> <!-- SimpleTest -->
