<?xml version="1.0" encoding="UTF-8"?>
<testng-results skipped="0" failed="0" total="5" passed="5">
  <reporter-output>
  </reporter-output>
  <suite name="MyTestSuite" duration-ms="25" started-at="2016-04-08T19:27:38Z" finished-at="2016-04-08T19:27:38Z">
    <groups>
      <group name="unittest">
        <method signature="SimpleTest.testAdd()[pri:0, instance:main.java.SimpleTest@3b1e7dd]" name="testAdd" class="main.java.SimpleTest"/>
        <method signature="SimpleTest.testDivideByZero()[pri:0, instance:main.java.SimpleTest@3b1e7dd]" name="testDivideByZero" class="main.java.SimpleTest"/>
        <method signature="SimpleTest.testEquals()[pri:0, instance:main.java.SimpleTest@3b1e7dd]" name="testEquals" class="main.java.SimpleTest"/>
        <method signature="SimpleTest.testMinus()[pri:0, instance:main.java.SimpleTest@3b1e7dd]" name="testMinus" class="main.java.SimpleTest"/>
        <method signature="SimpleTest.testMultiply()[pri:0, instance:main.java.SimpleTest@3b1e7dd]" name="testMultiply" class="main.java.SimpleTest"/>
      </group> <!-- unittest -->
    </groups>
    <test name="SimpleTest" duration-ms="25" started-at="2016-04-08T19:27:38Z" finished-at="2016-04-08T19:27:38Z">
      <class name="main.java.SimpleTest">
        <test-method status="PASS" signature="setUp()[pri:0, instance:main.java.SimpleTest@3b1e7dd]" name="setUp" is-config="true" duration-ms="8" started-at="2016-04-08T22:27:38Z" finished-at="2016-04-08T22:27:38Z">
          <reporter-output>
          </reporter-output>
        </test-method> <!-- setUp -->
        <test-method status="PASS" signature="testAdd()[pri:0, instance:main.java.SimpleTest@3b1e7dd]" name="testAdd" duration-ms="2" started-at="2016-04-08T22:27:38Z" finished-at="2016-04-08T22:27:38Z">
          <reporter-output>
          </reporter-output>
        </test-method> <!-- testAdd -->
        <test-method status="PASS" signature="testDivideByZero()[pri:0, instance:main.java.SimpleTest@3b1e7dd]" name="testDivideByZero" duration-ms="0" started-at="2016-04-08T22:27:38Z" finished-at="2016-04-08T22:27:38Z">
          <reporter-output>
          </reporter-output>
        </test-method> <!-- testDivideByZero -->
        <test-method status="PASS" signature="testEquals()[pri:0, instance:main.java.SimpleTest@3b1e7dd]" name="testEquals" duration-ms="0" started-at="2016-04-08T22:27:38Z" finished-at="2016-04-08T22:27:38Z">
          <reporter-output>
          </reporter-output>
        </test-method> <!-- testEquals -->
        <test-method status="PASS" signature="testMinus()[pri:0, instance:main.java.SimpleTest@3b1e7dd]" name="testMinus" duration-ms="0" started-at="2016-04-08T22:27:38Z" finished-at="2016-04-08T22:27:38Z">
          <reporter-output>
          </reporter-output>
        </test-method> <!-- testMinus -->
        <test-method status="PASS" signature="testMultiply()[pri:0, instance:main.java.SimpleTest@3b1e7dd]" name="testMultiply" duration-ms="0" started-at="2016-04-08T22:27:38Z" finished-at="2016-04-08T22:27:38Z">
          <reporter-output>
          </reporter-output>
        </test-method> <!-- testMultiply -->
      </class> <!-- main.java.SimpleTest -->
    </test> <!-- SimpleTest -->
  </suite> <!-- MyTestSuite -->
</testng-results>
